<?xml version="1.0" encoding="UTF-8"?>
<!-- Generated by org.testng.reporters.JUnitXMLReporter -->
<testsuite ignored="0" hostname="CSCO-W-PF32ZV1R" failures="0" tests="4" name="DeleteCustomerData" time="6.59" errors="0" timestamp="2021-10-09T17:00:43 IST">
  <testcase classname="com.java.qa.sccm.test.LoginTest" name="loginTestValidation" time="2.657"/>
  <testcase classname="com.java.qa.sccm.test.DeleteCustomerTest" name="ValidateDeleteCustomer" time="1.31"/>
  <testcase classname="com.java.qa.sccm.test.DeleteCustomerTest" name="ValidateDeleteCustomer" time="1.209"/>
  <testcase classname="com.java.qa.sccm.test.DeleteCustomerTest" name="ValidateDeleteCustomer" time="1.19"/>
</testsuite> <!-- DeleteCustomerData -->
