<?xml version="1.0" encoding="UTF-8"?>
<!-- Generated by org.testng.reporters.JUnitXMLReporter -->
<testsuite ignored="0" hostname="daas-sti-002664" failures="0" tests="3" name="Test" time="6.841" errors="0" timestamp="2021-09-05T14:57:25 IST">
  <testcase classname="com.java.qa.sccm.test.GetCustomerDataTest" name="validateCustomerData" time="0.775"/>
  <testcase classname="com.java.qa.sccm.test.LoginTest" name="checkBodyMessege" time="0.029"/>
  <testcase classname="com.java.qa.sccm.test.LoginTest" name="validationStatus" time="0.842"/>
</testsuite> <!-- Test -->
