<?xml version="1.0" encoding="UTF-8"?>
<testng-results ignored="0" total="1" passed="1" failed="0" skipped="0">
  <reporter-output>
    <line>
      <![CDATA[Request URI : http://173.37.21.174/SCCM/sccm_api/web/api/v1/login]]>
    </line>
    <line>
      <![CDATA[Status code : 200]]>
    </line>
    <line>
      <![CDATA[Response message : Response Messege : {
    "status": true,
    "message": "Data retrieval successfully",
    "token_type": "Bearer",
    "access_token": "eyJ0eXAiOiJKV1QiLCJhbGciOiJIUzI1NiJ9.eyJpc3MiOiJodHRwOlwvXC8xNzMuMzcuMjEuMTc0IiwiYXVkIjoiaHR0cDpcL1wvMTczLjM3LjIxLjE3NCIsImlhdCI6MTYzMzc5OTM0NCwibmJmIjoxNjMzNzk5MzQ0LCJleHAiOjE2MzM4MDI5NDQsImp0aSI6Ijc5Rm0zRFhBbm9WbHJJRk00R1BzUXRMcER3SUYwUzlOIn0.5Go-y91dlK7HePYgOdoXc-1Od68mIs5CHFgZk-88_Jg"
}]]>
    </line>
  </reporter-output>
  <suite started-at="2021-10-09T22:39:00 IST" name="Login Test functionality" finished-at="2021-10-09T22:39:05 IST" duration-ms="4511">
    <groups>
    </groups>
    <test started-at="2021-10-09T22:39:00 IST" name="LoginTest" finished-at="2021-10-09T22:39:05 IST" duration-ms="4511">
      <class name="com.java.qa.sccm.test.LoginTest">
        <test-method signature="loginTestValidation(java.util.Map)[pri:0, instance:com.java.qa.sccm.test.LoginTest@4da602fc]" started-at="2021-10-09T22:39:01 IST" name="loginTestValidation" description="Verify sign in functionality" data-provider="Authentication" finished-at="2021-10-09T22:39:05 IST" duration-ms="4026" status="PASS">
          <params>
            <param index="0">
              <value>
                <![CDATA[{TestName=LoginTest, ExpectedOutput=Data retrieval successfully, Password=Test@321, UserName=admin}]]>
              </value>
            </param>
          </params>
          <reporter-output>
            <line>
              <![CDATA[Request URI : http://173.37.21.174/SCCM/sccm_api/web/api/v1/login]]>
            </line>
            <line>
              <![CDATA[Status code : 200]]>
            </line>
            <line>
              <![CDATA[Response message : Response Messege : {
    "status": true,
    "message": "Data retrieval successfully",
    "token_type": "Bearer",
    "access_token": "eyJ0eXAiOiJKV1QiLCJhbGciOiJIUzI1NiJ9.eyJpc3MiOiJodHRwOlwvXC8xNzMuMzcuMjEuMTc0IiwiYXVkIjoiaHR0cDpcL1wvMTczLjM3LjIxLjE3NCIsImlhdCI6MTYzMzc5OTM0NCwibmJmIjoxNjMzNzk5MzQ0LCJleHAiOjE2MzM4MDI5NDQsImp0aSI6Ijc5Rm0zRFhBbm9WbHJJRk00R1BzUXRMcER3SUYwUzlOIn0.5Go-y91dlK7HePYgOdoXc-1Od68mIs5CHFgZk-88_Jg"
}]]>
            </line>
          </reporter-output>
        </test-method> <!-- loginTestValidation -->
      </class> <!-- com.java.qa.sccm.test.LoginTest -->
    </test> <!-- LoginTest -->
  </suite> <!-- Login Test functionality -->
</testng-results>
